<?xml version="1.0" encoding="UTF-8"?>
<testsuite xmlns:xsi="http://www.w3.org/2001/XMLSchema-instance" xsi:noNamespaceSchemaLocation="https://maven.apache.org/surefire/maven-surefire-plugin/xsd/surefire-test-report-3.0.xsd" version="3.0" name="org.addressbookproject.rest.AddressBookControllerIntegrationTest" time="2.263" tests="3" errors="0" skipped="0" failures="0">
  <properties>
[...]
</properties>
  <testcase name="testRemoveBuddy" classname="org.addressbookproject.rest.AddressBookControllerIntegrationTest" time="0.442">
    <system-out><![CDATA[18:30:16.519 [main] INFO org.springframework.test.context.support.AnnotationConfigContextLoaderUtils -- Could not detect default configuration classes for test class [org.addressbookproject.rest.AddressBookControllerIntegrationTest]: AddressBookControllerIntegrationTest does not declare any static, non-private, non-final, nested classes annotated with @Configuration.
18:30:16.559 [main] INFO org.springframework.boot.test.context.SpringBootTestContextBootstrapper -- Found @SpringBootConfiguration org.addressbookproject.AddressBookApplication for test class org.addressbookproject.rest.AddressBookControllerIntegrationTest

  .   ____          _            __ _ _
 /\\ / ___'_ __ _ _(_)_ __  __ _ \ \ \ \
( ( )\___ | '_ | '_| | '_ \/ _` | \ \ \ \
 \\/  ___)| |_)| | | | | || (_| |  ) ) ) )
  '  |____| .__|_| |_|_| |_\__, | / / / /
 =========|_|==============|___/=/_/_/_/
 :: Spring Boot ::                (v3.2.0)

2025-10-05T18:30:16.694-04:00  INFO 33355 --- [           main] a.r.AddressBookControllerIntegrationTest : Starting AddressBookControllerIntegrationTest using Java 21.0.1 with PID 33355 (started by hajarassim in /Users/hajarassim/Documents/school/Fall 2025/SYSC4806/labs/lab3/lab2-copy)
2025-10-05T18:30:16.694-04:00  INFO 33355 --- [           main] a.r.AddressBookControllerIntegrationTest : No active profile set, falling back to 1 default profile: "default"
2025-10-05T18:30:16.937-04:00  INFO 33355 --- [           main] .s.d.r.c.RepositoryConfigurationDelegate : Bootstrapping Spring Data JPA repositories in DEFAULT mode.
2025-10-05T18:30:16.960-04:00  INFO 33355 --- [           main] .s.d.r.c.RepositoryConfigurationDelegate : Finished Spring Data repository scanning in 19 ms. Found 2 JPA repository interfaces.
2025-10-05T18:30:17.201-04:00  INFO 33355 --- [           main] o.s.b.w.embedded.tomcat.TomcatWebServer  : Tomcat initialized with port 0 (http)
2025-10-05T18:30:17.206-04:00  INFO 33355 --- [           main] o.apache.catalina.core.StandardService   : Starting service [Tomcat]
2025-10-05T18:30:17.206-04:00  INFO 33355 --- [           main] o.apache.catalina.core.StandardEngine    : Starting Servlet engine: [Apache Tomcat/10.1.16]
2025-10-05T18:30:17.227-04:00  INFO 33355 --- [           main] o.a.c.c.C.[Tomcat].[localhost].[/]       : Initializing Spring embedded WebApplicationContext
2025-10-05T18:30:17.228-04:00  INFO 33355 --- [           main] w.s.c.ServletWebServerApplicationContext : Root WebApplicationContext: initialization completed in 525 ms
2025-10-05T18:30:17.285-04:00  INFO 33355 --- [           main] com.zaxxer.hikari.HikariDataSource       : HikariPool-1 - Starting...
2025-10-05T18:30:17.371-04:00  INFO 33355 --- [           main] com.zaxxer.hikari.pool.HikariPool        : HikariPool-1 - Added connection conn0: url=jdbc:h2:mem:7692a711-feb3-4506-bd8c-aab18f0bf52f user=SA
2025-10-05T18:30:17.371-04:00  INFO 33355 --- [           main] com.zaxxer.hikari.HikariDataSource       : HikariPool-1 - Start completed.
2025-10-05T18:30:17.393-04:00  INFO 33355 --- [           main] o.hibernate.jpa.internal.util.LogHelper  : HHH000204: Processing PersistenceUnitInfo [name: default]
2025-10-05T18:30:17.413-04:00  INFO 33355 --- [           main] org.hibernate.Version                    : HHH000412: Hibernate ORM core version 6.3.1.Final
2025-10-05T18:30:17.427-04:00  INFO 33355 --- [           main] o.h.c.internal.RegionFactoryInitiator    : HHH000026: Second-level cache disabled
2025-10-05T18:30:17.516-04:00  INFO 33355 --- [           main] o.s.o.j.p.SpringPersistenceUnitInfo      : No LoadTimeWeaver setup: ignoring JPA class transformer
2025-10-05T18:30:17.850-04:00  INFO 33355 --- [           main] o.h.e.t.j.p.i.JtaPlatformInitiator       : HHH000489: No JTA platform available (set 'hibernate.transaction.jta.platform' to enable JTA platform integration)
2025-10-05T18:30:17.870-04:00  INFO 33355 --- [           main] j.LocalContainerEntityManagerFactoryBean : Initialized JPA EntityManagerFactory for persistence unit 'default'
2025-10-05T18:30:17.998-04:00  WARN 33355 --- [           main] JpaBaseConfiguration$JpaWebConfiguration : spring.jpa.open-in-view is enabled by default. Therefore, database queries may be performed during view rendering. Explicitly configure spring.jpa.open-in-view to disable this warning
2025-10-05T18:30:18.148-04:00  INFO 33355 --- [           main] o.s.b.w.embedded.tomcat.TomcatWebServer  : Tomcat started on port 63394 (http) with context path ''
2025-10-05T18:30:18.152-04:00  INFO 33355 --- [           main] a.r.AddressBookControllerIntegrationTest : Started AddressBookControllerIntegrationTest in 1.547 seconds (process running for 1.929)
Buddies saved!
All my buddies are...
Buddy: BuddyInfo{name='Aang', phoneNumber='123-456'}
Buddy: BuddyInfo{name='Zuko', phoneNumber='789-101'}
2025-10-05T18:30:18.564-04:00  INFO 33355 --- [o-auto-1-exec-1] o.a.c.c.C.[Tomcat].[localhost].[/]       : Initializing Spring DispatcherServlet 'dispatcherServlet'
2025-10-05T18:30:18.565-04:00  INFO 33355 --- [o-auto-1-exec-1] o.s.web.servlet.DispatcherServlet        : Initializing Servlet 'dispatcherServlet'
2025-10-05T18:30:18.565-04:00  INFO 33355 --- [o-auto-1-exec-1] o.s.web.servlet.DispatcherServlet        : Completed initialization in 0 ms
Created new AddressBook with id: 2
Added buddy Bob987654 to AddressBook 2
Removed buddy Bob from AddressBook 2
Retrieved 0 buddies from AddressBook 2
]]></system-out>
    <system-err><![CDATA[WARNING: A Java agent has been loaded dynamically (/Users/hajarassim/.m2/repository/net/bytebuddy/byte-buddy-agent/1.14.10/byte-buddy-agent-1.14.10.jar)
WARNING: If a serviceability tool is in use, please run with -XX:+EnableDynamicAgentLoading to hide this warning
WARNING: If a serviceability tool is not in use, please run with -Djdk.instrument.traceUsage for more information
WARNING: Dynamic loading of agents will be disallowed by default in a future release
]]></system-err>
  </testcase>
  <testcase name="testAddAndRetrieveBuddies" classname="org.addressbookproject.rest.AddressBookControllerIntegrationTest" time="0.018">
    <system-out><![CDATA[Created new AddressBook with id: 3
Added buddy Alice123456 to AddressBook 3
Retrieved 1 buddies from AddressBook 3
]]></system-out>
  </testcase>
  <testcase name="testCreateAndGetAddressBooks" classname="org.addressbookproject.rest.AddressBookControllerIntegrationTest" time="0.016">
    <system-out><![CDATA[Created new AddressBook with id: 4
created: AddressBook{buddies=[]}Retrieved all address books: 1
]]></system-out>
  </testcase>
</testsuite>